2017-02-14 17:31:40,850 ERROR r.i.f.u.MultiThreadApplication [main] Файл /media/60841ED2841EAA94/f/coding/shared/inno-labs/labs/lab1/src/main/resources/заяц не существует java.util.concurrent.ExecutionException: Файл /media/60841ED2841EAA94/f/coding/shared/inno-labs/labs/lab1/src/main/resources/заяц не существует
	at java.util.concurrent.FutureTask.report(FutureTask.java:122)
	at java.util.concurrent.FutureTask.get(FutureTask.java:192)
	at ru.innopolis.fdudinskiy.uniqcheck.MultiThreadApplication.getResourceContent(MultiThreadApplication.java:96)
	at ru.innopolis.fdudinskiy.uniqcheck.MultiThreadApplication.main(MultiThreadApplication.java:48)
	at sun.reflect.NativeMethodAccessorImpl.invoke0(Native Method)
	at sun.reflect.NativeMethodAccessorImpl.invoke(NativeMethodAccessorImpl.java:62)
	at sun.reflect.DelegatingMethodAccessorImpl.invoke(DelegatingMethodAccessorImpl.java:43)
	at java.lang.reflect.Method.invoke(Method.java:498)
	at com.intellij.rt.execution.application.AppMain.main(AppMain.java:147)
Caused by: Файл /media/60841ED2841EAA94/f/coding/shared/inno-labs/labs/lab1/src/main/resources/заяц не существует
	at ru.innopolis.fdudinskiy.uniqcheck.resourceReaders.FileContent.<init>(FileContent.java:28)
	at ru.innopolis.fdudinskiy.uniqcheck.resourceReaders.ResourceContentFactory.createChecker(ResourceContentFactory.java:33)
	at ru.innopolis.fdudinskiy.uniqcheck.threads.CreateResourceOperation.call(CreateResourceOperation.java:30)
	at ru.innopolis.fdudinskiy.uniqcheck.threads.CreateResourceOperation.call(CreateResourceOperation.java:11)
	at java.util.concurrent.FutureTask.run(FutureTask.java:266)
	at java.util.concurrent.ThreadPoolExecutor.runWorker(ThreadPoolExecutor.java:1142)
	at java.util.concurrent.ThreadPoolExecutor$Worker.run(ThreadPoolExecutor.java:617)
	at java.lang.Thread.run(Thread.java:745)

2017-02-14 17:32:10,033 ERROR r.i.f.u.MultiThreadApplication [main] Файл /media/60841ED2841EAA94/f/coding/shared/inno-labs/labs/lab1/src/main/resources/textsunrepetable не существует java.util.concurrent.ExecutionException: Файл /media/60841ED2841EAA94/f/coding/shared/inno-labs/labs/lab1/src/main/resources/textsunrepetable не существует
	at java.util.concurrent.FutureTask.report(FutureTask.java:122)
	at java.util.concurrent.FutureTask.get(FutureTask.java:192)
	at ru.innopolis.fdudinskiy.uniqcheck.MultiThreadApplication.getResourceContent(MultiThreadApplication.java:96)
	at ru.innopolis.fdudinskiy.uniqcheck.MultiThreadApplication.main(MultiThreadApplication.java:48)
	at sun.reflect.NativeMethodAccessorImpl.invoke0(Native Method)
	at sun.reflect.NativeMethodAccessorImpl.invoke(NativeMethodAccessorImpl.java:62)
	at sun.reflect.DelegatingMethodAccessorImpl.invoke(DelegatingMethodAccessorImpl.java:43)
	at java.lang.reflect.Method.invoke(Method.java:498)
	at com.intellij.rt.execution.application.AppMain.main(AppMain.java:147)
Caused by: Файл /media/60841ED2841EAA94/f/coding/shared/inno-labs/labs/lab1/src/main/resources/textsunrepetable не существует
	at ru.innopolis.fdudinskiy.uniqcheck.resourceReaders.FileContent.<init>(FileContent.java:28)
	at ru.innopolis.fdudinskiy.uniqcheck.resourceReaders.ResourceContentFactory.createChecker(ResourceContentFactory.java:33)
	at ru.innopolis.fdudinskiy.uniqcheck.threads.CreateResourceOperation.call(CreateResourceOperation.java:30)
	at ru.innopolis.fdudinskiy.uniqcheck.threads.CreateResourceOperation.call(CreateResourceOperation.java:11)
	at java.util.concurrent.FutureTask.run(FutureTask.java:266)
	at java.util.concurrent.ThreadPoolExecutor.runWorker(ThreadPoolExecutor.java:1142)
	at java.util.concurrent.ThreadPoolExecutor$Worker.run(ThreadPoolExecutor.java:617)
	at java.lang.Thread.run(Thread.java:745)

2017-02-14 17:32:30,503 INFO r.i.f.u.MultiThreadApplication [main] Добавление слов прошло успешно, ресурсы содержат только уникальные слова 
2017-02-14 17:41:34,581 INFO r.i.f.u.MultiThreadApplication [main] Добавление слов прошло успешно, ресурсы содержат только уникальные слова 
2017-02-14 17:42:22,473 INFO r.i.f.u.MultiThreadApplication [main] Добавление слов прошло успешно, ресурсы содержат только уникальные слова 
2017-02-14 17:43:00,764 INFO r.i.f.u.MultiThreadApplication [main] Добавление слов прошло успешно, ресурсы содержат только уникальные слова 
2017-02-14 17:43:36,945 INFO r.i.f.u.MultiThreadApplication [main] Добавление слов прошло успешно, ресурсы содержат только уникальные слова 
2017-02-14 17:43:50,023 INFO r.i.f.u.MultiThreadApplication [main] Добавление слов прошло успешно, ресурсы содержат только уникальные слова 
2017-02-14 17:44:49,686 INFO r.i.f.u.MultiThreadApplication [main] Добавление слов прошло успешно, ресурсы содержат только уникальные слова 
